<?xml version="1.0" encoding="UTF-8"?>
<testng-results skipped="0" failed="0" ignored="0" total="1" passed="1">
  <reporter-output>
  </reporter-output>
  <suite name="Default suite" duration-ms="2130" started-at="2021-08-30T16:53:33 IST" finished-at="2021-08-30T16:53:35 IST">
    <groups>
    </groups>
    <test name="Default test" duration-ms="2130" started-at="2021-08-30T16:53:33 IST" finished-at="2021-08-30T16:53:35 IST">
      <class name="com.demo.Test04_Delete">
        <test-method status="PASS" signature="test()[pri:0, instance:com.demo.Test04_Delete@2d8f65a4]" name="test" duration-ms="2093" started-at="2021-08-30T16:53:33 IST" finished-at="2021-08-30T16:53:35 IST">
          <reporter-output>
          </reporter-output>
        </test-method> <!-- test -->
      </class> <!-- com.demo.Test04_Delete -->
    </test> <!-- Default test -->
  </suite> <!-- Default suite -->
</testng-results>
